[11/Dec/2013 15:33:13]	Files deleted		lib/images/arrow_down.gif
[11/Dec/2013 15:33:13]	Files deleted		lib/images/arrow_up.gif
[11/Dec/2013 15:33:13]	Files deleted		lib/images/at.gif
[11/Dec/2013 15:33:13]	Files deleted		lib/images/close.png
[11/Dec/2013 15:33:13]	Files deleted		lib/images/del.png
[11/Dec/2013 15:33:13]	Files deleted		lib/images/edit.gif
[11/Dec/2013 15:33:13]	Files deleted		lib/images/list-minus.gif
[11/Dec/2013 15:33:13]	Files deleted		lib/images/list-plus.gif
[11/Dec/2013 15:33:13]	Files deleted		lib/images/pencil.png
[11/Dec/2013 15:33:13]	Files deleted		lib/images/interwiki/meatball.gif
[11/Dec/2013 15:33:13]	Files deleted		lib/images/interwiki/wiki.gif
[11/Dec/2013 15:33:13]	Files deleted		lib/plugins/acl/ajax.php
[11/Dec/2013 15:33:13]	Files deleted		lib/tpl/default/_admin.css
[11/Dec/2013 15:33:13]	Files deleted		lib/tpl/default/_fileuploader.css
[11/Dec/2013 15:33:13]	Files deleted		lib/tpl/default/_linkwiz.css
[11/Dec/2013 15:33:13]	Files deleted		lib/tpl/default/_mediamanager.css
[11/Dec/2013 15:33:13]	Files deleted		lib/tpl/default/_mediaoptions.css
[11/Dec/2013 15:33:13]	Files deleted		lib/tpl/default/_subscription.css
[11/Dec/2013 15:33:13]	Files deleted		lib/tpl/default/_tabs.css
[11/Dec/2013 15:33:13]	Files deleted		lib/tpl/default/design.css
[11/Dec/2013 15:33:13]	Files deleted		lib/tpl/default/detail.php
[11/Dec/2013 15:33:13]	Files deleted		lib/tpl/default/footer.html
[11/Dec/2013 15:33:13]	Files deleted		lib/tpl/default/images/UWEB.png
[11/Dec/2013 15:33:13]	Files deleted		lib/tpl/default/images/UWEBshadow.png
[11/Dec/2013 15:33:13]	Files deleted		lib/tpl/default/images/apple-touch-icon.png
[11/Dec/2013 15:33:13]	Files deleted		lib/tpl/default/images/bullet.gif
[11/Dec/2013 15:33:13]	Files deleted		lib/tpl/default/images/button-cc.gif
[11/Dec/2013 15:33:13]	Files deleted		lib/tpl/default/images/button-css.png
[11/Dec/2013 15:33:13]	Files deleted		lib/tpl/default/images/button-donate.gif
[11/Dec/2013 15:33:13]	Files deleted		lib/tpl/default/images/button-dw.png
[11/Dec/2013 15:33:13]	Files deleted		lib/tpl/default/images/button-php.gif
[11/Dec/2013 15:33:13]	Files deleted		lib/tpl/default/images/button-rss.png
[11/Dec/2013 15:33:13]	Files deleted		lib/tpl/default/images/button-xhtml.png
[11/Dec/2013 15:33:13]	Files deleted		lib/tpl/default/images/buttonshadow.png
[11/Dec/2013 15:33:13]	Files deleted		lib/tpl/default/images/closed.gif
[11/Dec/2013 15:33:13]	Files deleted		lib/tpl/default/images/favicon.ico
[11/Dec/2013 15:33:13]	Files deleted		lib/tpl/default/images/inputshadow.png
[11/Dec/2013 15:33:13]	Files deleted		lib/tpl/default/images/link_icon.gif
[11/Dec/2013 15:33:13]	Files deleted		lib/tpl/default/images/mail_icon.gif
[11/Dec/2013 15:33:13]	Files deleted		lib/tpl/default/images/open.gif
[11/Dec/2013 15:33:13]	Files deleted		lib/tpl/default/images/resizecol.png
[11/Dec/2013 15:33:13]	Files deleted		lib/tpl/default/images/tocdot2.gif
[11/Dec/2013 15:33:13]	Files deleted		lib/tpl/default/images/windows.gif
[11/Dec/2013 15:33:13]	Files deleted		lib/tpl/default/layout.css
[11/Dec/2013 15:33:13]	Files deleted		lib/tpl/default/main.php
[11/Dec/2013 15:33:13]	Files deleted		lib/tpl/default/media.css
[11/Dec/2013 15:33:13]	Files deleted		lib/tpl/default/mediamanager.php
[11/Dec/2013 15:33:13]	Files deleted		lib/tpl/default/print.css
[11/Dec/2013 15:33:14]	Files deleted		lib/tpl/default/rtl.css
[11/Dec/2013 15:33:14]	Files deleted		lib/tpl/default/style.ini
[11/Dec/2013 15:33:14]	Files deleted		lib/tpl/default/template.info.txt
[11/Dec/2013 15:33:14]	Files deleted		lib/tpl/dokuwiki/css/basic.css
[11/Dec/2013 15:33:14]	Files deleted		lib/tpl/dokuwiki/css/content.css
[11/Dec/2013 15:33:14]	Files deleted		lib/tpl/dokuwiki/css/design.css
[11/Dec/2013 15:33:14]	Files deleted		lib/tpl/dokuwiki/css/includes.css
[11/Dec/2013 15:33:14]	Files deleted		lib/tpl/dokuwiki/css/mobile.css
[11/Dec/2013 15:33:14]	Files deleted		lib/tpl/dokuwiki/css/pagetools.css
[11/Dec/2013 15:33:14]	Files deleted		lib/tpl/dokuwiki/css/structure.css
